Using pre-set license
Built from '2021.3/staging' branch; Version is '2021.3.3f1 (af2e63e8f9bd) revision 11480675'; Using compiler version '192829333'; Build Type 'Release'
OS: 'Windows 10  (10.0.19044) 64bit Professional' Language: 'ru' Physical Memory: 16221 MB
BatchMode: 1, IsHumanControllingUs: 0, StartBugReporterOnCrash: 0, Is64bit: 1, IsPro: 1

COMMAND LINE ARGUMENTS:
D:\Unity\2020.3.29f1\2021.3.3f1\Editor\Unity.exe
-adb2
-batchMode
-noUpm
-name
AssetImportWorker2
-projectPath
D:/Documents/GitHub/Magic-Sword/Magic&Sword
-logFile
Logs/AssetImportWorker2.log
-srvPort
59789
Successfully changed project path to: D:/Documents/GitHub/Magic-Sword/Magic&Sword
D:/Documents/GitHub/Magic-Sword/Magic&Sword
[UnityMemory] Configuration Parameters - Can be set up in boot.config
    "memorysetup-bucket-allocator-granularity=16"
    "memorysetup-bucket-allocator-bucket-count=8"
    "memorysetup-bucket-allocator-block-size=33554432"
    "memorysetup-bucket-allocator-block-count=8"
    "memorysetup-main-allocator-block-size=16777216"
    "memorysetup-thread-allocator-block-size=16777216"
    "memorysetup-gfx-main-allocator-block-size=16777216"
    "memorysetup-gfx-thread-allocator-block-size=16777216"
    "memorysetup-cache-allocator-block-size=4194304"
    "memorysetup-typetree-allocator-block-size=2097152"
    "memorysetup-profiler-bucket-allocator-granularity=16"
    "memorysetup-profiler-bucket-allocator-bucket-count=8"
    "memorysetup-profiler-bucket-allocator-block-size=33554432"
    "memorysetup-profiler-bucket-allocator-block-count=8"
    "memorysetup-profiler-allocator-block-size=16777216"
    "memorysetup-profiler-editor-allocator-block-size=1048576"
    "memorysetup-temp-allocator-size-main=16777216"
    "memorysetup-job-temp-allocator-block-size=2097152"
    "memorysetup-job-temp-allocator-block-size-background=1048576"
    "memorysetup-job-temp-allocator-reduction-small-platforms=262144"
    "memorysetup-temp-allocator-size-background-worker=32768"
    "memorysetup-temp-allocator-size-job-worker=262144"
    "memorysetup-temp-allocator-size-preload-manager=33554432"
    "memorysetup-temp-allocator-size-nav-mesh-worker=65536"
    "memorysetup-temp-allocator-size-audio-worker=65536"
    "memorysetup-temp-allocator-size-cloud-worker=32768"
    "memorysetup-temp-allocator-size-gi-baking-worker=262144"
    "memorysetup-temp-allocator-size-gfx=262144"
Refreshing native plugins compatible for Editor in 170.55 ms, found 2 plugins.
Preloading 0 native plugins for Editor in 0.00 ms.
Initialize engine version: 2021.3.3f1 (af2e63e8f9bd)
[Subsystems] Discovering subsystems at path D:/Unity/2020.3.29f1/2021.3.3f1/Editor/Data/Resources/UnitySubsystems
[Subsystems] Discovering subsystems at path D:/Documents/GitHub/Magic-Sword/Magic&Sword/Assets
GfxDevice: creating device client; threaded=0; jobified=0
Direct3D:
    Version:  Direct3D 11.0 [level 11.1]
    Renderer: NVIDIA GeForce GTX 1070 (ID=0x1b81)
    Vendor:   NVIDIA
    VRAM:     8088 MB
    Driver:   27.21.14.6663
Initialize mono
Mono path[0] = 'D:/Unity/2020.3.29f1/2021.3.3f1/Editor/Data/Managed'
Mono path[1] = 'D:/Unity/2020.3.29f1/2021.3.3f1/Editor/Data/MonoBleedingEdge/lib/mono/unityjit-win32'
Mono config path = 'D:/Unity/2020.3.29f1/2021.3.3f1/Editor/Data/MonoBleedingEdge/etc'
Using monoOptions --debugger-agent=transport=dt_socket,embedding=1,server=y,suspend=n,address=127.0.0.1:56144
Begin MonoManager ReloadAssembly
Registering precompiled unity dll's ...
Register platform support module: D:/Unity/2020.3.29f1/2021.3.3f1/Editor/Data/PlaybackEngines/WindowsStandaloneSupport/UnityEditor.WindowsStandalone.Extensions.dll
Registered in 0.007647 seconds.
Native extension for WindowsStandalone target not found
Refreshing native plugins compatible for Editor in 87.39 ms, found 2 plugins.
Preloading 0 native plugins for Editor in 0.00 ms.
Mono: successfully reloaded assembly
- Completed reload, in  0.855 seconds
Domain Reload Profiling:
	ReloadAssembly (856ms)
		BeginReloadAssembly (151ms)
			ExecutionOrderSort (0ms)
			DisableScriptedObjects (0ms)
			BackupInstance (0ms)
			ReleaseScriptingObjects (0ms)
			CreateAndSetChildDomain (1ms)
		EndReloadAssembly (544ms)
			LoadAssemblies (150ms)
			RebuildTransferFunctionScriptingTraits (0ms)
			SetupTypeCache (141ms)
			ReleaseScriptCaches (0ms)
			RebuildScriptCaches (39ms)
			SetupLoadedEditorAssemblies (295ms)
				LogAssemblyErrors (0ms)
				InitializePlatformSupportModulesInManaged (9ms)
				SetLoadedEditorAssemblies (0ms)
				RefreshPlugins (87ms)
				BeforeProcessingInitializeOnLoad (2ms)
				ProcessInitializeOnLoadAttributes (144ms)
				ProcessInitializeOnLoadMethodAttributes (52ms)
				AfterProcessingInitializeOnLoad (0ms)
				EditorAssembliesLoaded (0ms)
			ExecutionOrderSort2 (0ms)
			AwakeInstancesAfterBackupRestoration (0ms)
Platform modules already initialized, skipping
Registering precompiled user dll's ...
Registered in 0.014549 seconds.
Begin MonoManager ReloadAssembly
Native extension for WindowsStandalone target not found
Refreshing native plugins compatible for Editor in 86.56 ms, found 2 plugins.
Preloading 0 native plugins for Editor in 0.00 ms.
Mono: successfully reloaded assembly
- Completed reload, in  2.700 seconds
Domain Reload Profiling:
	ReloadAssembly (2701ms)
		BeginReloadAssembly (135ms)
			ExecutionOrderSort (0ms)
			DisableScriptedObjects (7ms)
			BackupInstance (0ms)
			ReleaseScriptingObjects (0ms)
			CreateAndSetChildDomain (23ms)
		EndReloadAssembly (2458ms)
			LoadAssemblies (121ms)
			RebuildTransferFunctionScriptingTraits (0ms)
			SetupTypeCache (331ms)
			ReleaseScriptCaches (1ms)
			RebuildScriptCaches (104ms)
			SetupLoadedEditorAssemblies (1862ms)
				LogAssemblyErrors (0ms)
				InitializePlatformSupportModulesInManaged (12ms)
				SetLoadedEditorAssemblies (0ms)
				RefreshPlugins (87ms)
				BeforeProcessingInitializeOnLoad (122ms)
				ProcessInitializeOnLoadAttributes (1537ms)
				ProcessInitializeOnLoadMethodAttributes (102ms)
				AfterProcessingInitializeOnLoad (3ms)
				EditorAssembliesLoaded (0ms)
			ExecutionOrderSort2 (0ms)
			AwakeInstancesAfterBackupRestoration (6ms)
Platform modules already initialized, skipping
========================================================================
Worker process is ready to serve import requests
Launched and connected shader compiler UnityShaderCompiler.exe after 0.05 seconds
Refreshing native plugins compatible for Editor in 1.13 ms, found 2 plugins.
Preloading 0 native plugins for Editor in 0.00 ms.
Unloading 4752 Unused Serialized files (Serialized files now loaded: 0)
Unloading 60 unused Assets / (1.2 MB). Loaded Objects now: 5289.
Memory consumption went from 211.6 MB to 210.5 MB.
Total: 28.122500 ms (FindLiveObjects: 0.519200 ms CreateObjectMapping: 0.240800 ms MarkObjects: 26.955700 ms  DeleteObjects: 0.405400 ms)

AssetImportParameters requested are different than current active one (requested -> active):
  custom:video-decoder-ogg-theora: a1e56fd34408186e4bbccfd4996cb3dc -> 
  custom:container-muxer-webm: aa71ff27fc2769a1b78a27578f13a17b -> 
  custom:container-demuxer-webm: 4f35f7cbe854078d1ac9338744f61a02 -> 
  custom:video-encoder-webm-vp8: eb34c28f22e8b96e1ab97ce403110664 -> 
  custom:audio-encoder-webm-vorbis: bf7c407c2cedff20999df2af8eb42d56 -> 
  custom:framework-win-MediaFoundation: 216162199b28c13a410421893ffa2e32 -> 
  custom:container-demuxer-ogg: 62fdf1f143b41e24485cea50d1cbac27 -> 
  custom:video-decoder-webm-vp8: 9c59270c3fd7afecdb556c50c9e8de78 -> 
  custom:audio-decoder-ogg-vorbis: bf7c407c2cedff20999df2af8eb42d56 -> 
========================================================================
Received Import Request.
  Time since last request: 12729.872768 seconds.
  path: Assets/Scenes/MainGame.unity
  artifactKey: Guid(d1c3109bdb54ad54c8a2b2838528e640) Importer(2089858483,c653a7c40615fbf8c82c05b109e42dfe)
Start importing Assets/Scenes/MainGame.unity using Guid(d1c3109bdb54ad54c8a2b2838528e640) Importer(2089858483,c653a7c40615fbf8c82c05b109e42dfe) Opening scene 'Assets/Scenes/MainGame.unity additively'
LightingSettings: switching bake backend from 1 to 2.
Loaded scene 'Assets/Scenes/MainGame.unity'
	Deserialize:            17.255 ms
	Integration:            328.104 ms
	Integration of assets:  3.975 ms
	Thread Wait Time:       0.598 ms
	Total Operation Time:   349.931 ms
Generated GUIDs only implemented for interfaces!
 -> (artifact id: 'c18034ace94439c87aa6a21df9bf38db') in 1.417267 seconds 
========================================================================
Received Import Request.
  Time since last request: 0.000036 seconds.
  path: Assets/LowPoly Environment Pack/FBX/Log_1.fbx
  artifactKey: Guid(f12a3ed37c1553f46a2806744d6b056e) Importer(2089858483,c653a7c40615fbf8c82c05b109e42dfe)
Start importing Assets/LowPoly Environment Pack/FBX/Log_1.fbx using Guid(f12a3ed37c1553f46a2806744d6b056e) Importer(2089858483,c653a7c40615fbf8c82c05b109e42dfe) Generated GUIDs only implemented for interfaces!
 -> (artifact id: 'ee240b25c3c42ad68a633d652310194a') in 0.135083 seconds 
========================================================================
Received Import Request.
  Time since last request: 0.000039 seconds.
  path: Assets/LowPoly Environment Pack/FBX/Environment_1.fbx
  artifactKey: Guid(a9a560b7bc05a6a46978b53fe4b40f49) Importer(2089858483,c653a7c40615fbf8c82c05b109e42dfe)
Start importing Assets/LowPoly Environment Pack/FBX/Environment_1.fbx using Guid(a9a560b7bc05a6a46978b53fe4b40f49) Importer(2089858483,c653a7c40615fbf8c82c05b109e42dfe) Generated GUIDs only implemented for interfaces!
 -> (artifact id: 'b592953594047d13522db0f7cbf65055') in 0.036734 seconds 
========================================================================
Received Import Request.
  Time since last request: 0.000020 seconds.
  path: Assets/LowPoly Environment Pack/Prefabs/Grass_2.prefab
  artifactKey: Guid(c04be9f92ebf58b46b2204ac3aaa8785) Importer(2089858483,c653a7c40615fbf8c82c05b109e42dfe)
Start importing Assets/LowPoly Environment Pack/Prefabs/Grass_2.prefab using Guid(c04be9f92ebf58b46b2204ac3aaa8785) Importer(2089858483,c653a7c40615fbf8c82c05b109e42dfe) Generated GUIDs only implemented for interfaces!
 -> (artifact id: 'c42b421590531c71fb7cc709e3bf7497') in 0.026926 seconds 
========================================================================
Received Import Request.
  Time since last request: 0.000022 seconds.
  path: Assets/LowPoly Environment Pack/FBX/Materials/Brown.5.mat
  artifactKey: Guid(123ed9969563dc5468cd867af56caab9) Importer(2089858483,c653a7c40615fbf8c82c05b109e42dfe)
Start importing Assets/LowPoly Environment Pack/FBX/Materials/Brown.5.mat using Guid(123ed9969563dc5468cd867af56caab9) Importer(2089858483,c653a7c40615fbf8c82c05b109e42dfe) Generated GUIDs only implemented for interfaces!
 -> (artifact id: '70c725402506791e3095f9ee830f2b05') in 0.026757 seconds 
========================================================================
Received Import Request.
  Time since last request: 0.000028 seconds.
  path: Assets/LowPoly Environment Pack/FBX/Materials/Yellow.4.mat
  artifactKey: Guid(779672b87a6027e4fb52bd5c47f2c110) Importer(2089858483,c653a7c40615fbf8c82c05b109e42dfe)
Start importing Assets/LowPoly Environment Pack/FBX/Materials/Yellow.4.mat using Guid(779672b87a6027e4fb52bd5c47f2c110) Importer(2089858483,c653a7c40615fbf8c82c05b109e42dfe) Generated GUIDs only implemented for interfaces!
 -> (artifact id: '6353f49e6acdfe19908355c5bb3e256b') in 0.020240 seconds 
========================================================================
Received Import Request.
  Time since last request: 0.000029 seconds.
  path: Assets/LowPoly Environment Pack/Prefabs/Tree_3.prefab
  artifactKey: Guid(fa6105287f77b1240a0017f7d23434c2) Importer(2089858483,c653a7c40615fbf8c82c05b109e42dfe)
Start importing Assets/LowPoly Environment Pack/Prefabs/Tree_3.prefab using Guid(fa6105287f77b1240a0017f7d23434c2) Importer(2089858483,c653a7c40615fbf8c82c05b109e42dfe) Generated GUIDs only implemented for interfaces!
 -> (artifact id: '616a24f9fd4fab61027c5b9e3ced2784') in 0.059805 seconds 
========================================================================
Received Import Request.
  Time since last request: 0.000037 seconds.
  path: Assets/LowPoly Environment Pack/Prefabs/Rock_1.prefab
  artifactKey: Guid(74442f407a24ac84f95f08a83b1bb617) Importer(2089858483,c653a7c40615fbf8c82c05b109e42dfe)
Start importing Assets/LowPoly Environment Pack/Prefabs/Rock_1.prefab using Guid(74442f407a24ac84f95f08a83b1bb617) Importer(2089858483,c653a7c40615fbf8c82c05b109e42dfe) Generated GUIDs only implemented for interfaces!
 -> (artifact id: '7be09366e93946292b0cf315604c1018') in 0.020321 seconds 
========================================================================
Received Import Request.
  Time since last request: 0.000036 seconds.
  path: Assets/LowPoly Environment Pack/Prefabs/Mounting_1.prefab
  artifactKey: Guid(e05ee61d6dad0e54eb51d1c8ec3becc6) Importer(2089858483,c653a7c40615fbf8c82c05b109e42dfe)
Start importing Assets/LowPoly Environment Pack/Prefabs/Mounting_1.prefab using Guid(e05ee61d6dad0e54eb51d1c8ec3becc6) Importer(2089858483,c653a7c40615fbf8c82c05b109e42dfe) Generated GUIDs only implemented for interfaces!
 -> (artifact id: 'a6545431d32453220e6ee033c95be5d6') in 0.022943 seconds 
========================================================================
Received Import Request.
  Time since last request: 0.000024 seconds.
  path: Assets/LowPoly Environment Pack/FBX/Materials/Yellow.2.mat
  artifactKey: Guid(88faa5a91a671444399e4dd91c9dc1da) Importer(2089858483,c653a7c40615fbf8c82c05b109e42dfe)
Start importing Assets/LowPoly Environment Pack/FBX/Materials/Yellow.2.mat using Guid(88faa5a91a671444399e4dd91c9dc1da) Importer(2089858483,c653a7c40615fbf8c82c05b109e42dfe) Generated GUIDs only implemented for interfaces!
 -> (artifact id: 'de8f5a013b4ab8603db48e092ba5b97d') in 0.013076 seconds 
========================================================================
Received Import Request.
  Time since last request: 0.000021 seconds.
  path: Assets/LowPoly Environment Pack/FBX/Plant_3.fbx
  artifactKey: Guid(90805fe502fa4b94e9cfc4e1c6d566bb) Importer(2089858483,c653a7c40615fbf8c82c05b109e42dfe)
Start importing Assets/LowPoly Environment Pack/FBX/Plant_3.fbx using Guid(90805fe502fa4b94e9cfc4e1c6d566bb) Importer(2089858483,c653a7c40615fbf8c82c05b109e42dfe) Generated GUIDs only implemented for interfaces!
 -> (artifact id: 'e0da8e4e6819b1c51d9dfba2a1816413') in 0.045969 seconds 
========================================================================
Received Import Request.
  Time since last request: 0.000028 seconds.
  path: Assets/LowPoly Environment Pack/Prefabs/Log_3.prefab
  artifactKey: Guid(d7de6c400fc6dce4e847672adb026364) Importer(2089858483,c653a7c40615fbf8c82c05b109e42dfe)
Start importing Assets/LowPoly Environment Pack/Prefabs/Log_3.prefab using Guid(d7de6c400fc6dce4e847672adb026364) Importer(2089858483,c653a7c40615fbf8c82c05b109e42dfe) Generated GUIDs only implemented for interfaces!
 -> (artifact id: 'e3ba2c45cc48f8f1f510c5f7f92ec6d4') in 0.023365 seconds 
========================================================================
Received Import Request.
  Time since last request: 0.000027 seconds.
  path: Assets/LowPoly Environment Pack/FBX/Tree_1.fbx
  artifactKey: Guid(c52a1ad28de5ec447a225e11be0fe132) Importer(2089858483,c653a7c40615fbf8c82c05b109e42dfe)
Start importing Assets/LowPoly Environment Pack/FBX/Tree_1.fbx using Guid(c52a1ad28de5ec447a225e11be0fe132) Importer(2089858483,c653a7c40615fbf8c82c05b109e42dfe) Generated GUIDs only implemented for interfaces!
 -> (artifact id: '369db3aa7dcb57d324dd008793e876e8') in 0.037804 seconds 
========================================================================
Received Import Request.
  Time since last request: 0.000024 seconds.
  path: Assets/LowPoly Environment Pack/Demo/Scene 1/PPS Demo 1.asset
  artifactKey: Guid(5e9da65ad60c5c9429eca5d7653cbf05) Importer(2089858483,c653a7c40615fbf8c82c05b109e42dfe)
Start importing Assets/LowPoly Environment Pack/Demo/Scene 1/PPS Demo 1.asset using Guid(5e9da65ad60c5c9429eca5d7653cbf05) Importer(2089858483,c653a7c40615fbf8c82c05b109e42dfe) Generated GUIDs only implemented for interfaces!
 -> (artifact id: '4007429446f9474e21f6e05d012ea371') in 0.009990 seconds 
========================================================================
Received Import Request.
  Time since last request: 0.000031 seconds.
  path: Assets/LowPoly Environment Pack/Demo/Scene 1/CameraTimeline Scene 1.playable
  artifactKey: Guid(d44d463529724c547bb6a8cfb68c72e8) Importer(2089858483,c653a7c40615fbf8c82c05b109e42dfe)
Start importing Assets/LowPoly Environment Pack/Demo/Scene 1/CameraTimeline Scene 1.playable using Guid(d44d463529724c547bb6a8cfb68c72e8) Importer(2089858483,c653a7c40615fbf8c82c05b109e42dfe) Generated GUIDs only implemented for interfaces!
 -> (artifact id: '9ba9494ad77be112dff5085ec739a04c') in 0.030460 seconds 
========================================================================
Received Import Request.
  Time since last request: 0.000039 seconds.
  path: Assets/LowPoly Environment Pack/Prefabs/Plant_3.prefab
  artifactKey: Guid(01bdef6597b249b44a9530ab656246fc) Importer(2089858483,c653a7c40615fbf8c82c05b109e42dfe)
Start importing Assets/LowPoly Environment Pack/Prefabs/Plant_3.prefab using Guid(01bdef6597b249b44a9530ab656246fc) Importer(2089858483,c653a7c40615fbf8c82c05b109e42dfe) Generated GUIDs only implemented for interfaces!
 -> (artifact id: '681cc9aa1188b5356f1d773d425469ad') in 0.018603 seconds 
========================================================================
Received Import Request.
  Time since last request: 0.000029 seconds.
  path: Assets/LowPoly Environment Pack/Prefabs/Rock_3.prefab
  artifactKey: Guid(da41fd2967a439d409358c2214a5409e) Importer(2089858483,c653a7c40615fbf8c82c05b109e42dfe)
Start importing Assets/LowPoly Environment Pack/Prefabs/Rock_3.prefab using Guid(da41fd2967a439d409358c2214a5409e) Importer(2089858483,c653a7c40615fbf8c82c05b109e42dfe) Generated GUIDs only implemented for interfaces!
 -> (artifact id: 'deca00b2ab5905ace721437ce79e6088') in 0.019018 seconds 
========================================================================
Received Import Request.
  Time since last request: 0.000024 seconds.
  path: Assets/LowPoly Environment Pack/Prefabs/Tree_1.prefab
  artifactKey: Guid(c7821bc923171f24094e69062402d005) Importer(2089858483,c653a7c40615fbf8c82c05b109e42dfe)
Start importing Assets/LowPoly Environment Pack/Prefabs/Tree_1.prefab using Guid(c7821bc923171f24094e69062402d005) Importer(2089858483,c653a7c40615fbf8c82c05b109e42dfe) Generated GUIDs only implemented for interfaces!
 -> (artifact id: 'b0239cf214535556b83c090cac68b37a') in 0.046485 seconds 
========================================================================
Received Import Request.
  Time since last request: 0.000021 seconds.
  path: Assets/LowPoly Environment Pack/FBX/Rock_1.fbx
  artifactKey: Guid(b2d7d77df4449b24fb2fffe6ca115874) Importer(2089858483,c653a7c40615fbf8c82c05b109e42dfe)
Start importing Assets/LowPoly Environment Pack/FBX/Rock_1.fbx using Guid(b2d7d77df4449b24fb2fffe6ca115874) Importer(2089858483,c653a7c40615fbf8c82c05b109e42dfe) Generated GUIDs only implemented for interfaces!
 -> (artifact id: '7710a8d6ed7c03b8c9bedc91d74fd127') in 0.039645 seconds 
========================================================================
Received Import Request.
  Time since last request: 0.000030 seconds.
  path: Assets/Prefab/Abilities/vfx_ErectedPillars.prefab
  artifactKey: Guid(dd3c686fc9a82374da9de17b65d6c15d) Importer(2089858483,c653a7c40615fbf8c82c05b109e42dfe)
Start importing Assets/Prefab/Abilities/vfx_ErectedPillars.prefab using Guid(dd3c686fc9a82374da9de17b65d6c15d) Importer(2089858483,c653a7c40615fbf8c82c05b109e42dfe) Generated GUIDs only implemented for interfaces!
 -> (artifact id: '2bf26e301dbe54ba0af9b92a2a3fa33a') in 0.027130 seconds 
========================================================================
Received Import Request.
  Time since last request: 0.000030 seconds.
  path: Assets/LowPoly Environment Pack/FBX/Log_3.fbx
  artifactKey: Guid(afd0b1f883c32e241806a5fdf70cb47a) Importer(2089858483,c653a7c40615fbf8c82c05b109e42dfe)
Start importing Assets/LowPoly Environment Pack/FBX/Log_3.fbx using Guid(afd0b1f883c32e241806a5fdf70cb47a) Importer(2089858483,c653a7c40615fbf8c82c05b109e42dfe) Generated GUIDs only implemented for interfaces!
 -> (artifact id: 'fc01915d6f6f2df6b0f1bcef7605866d') in 0.033108 seconds 
========================================================================
Received Import Request.
  Time since last request: 0.000033 seconds.
  path: Assets/LowPoly Environment Pack/Prefabs/Stone_1.prefab
  artifactKey: Guid(0f9577b4dda6cc546abea4737be5a392) Importer(2089858483,c653a7c40615fbf8c82c05b109e42dfe)
Start importing Assets/LowPoly Environment Pack/Prefabs/Stone_1.prefab using Guid(0f9577b4dda6cc546abea4737be5a392) Importer(2089858483,c653a7c40615fbf8c82c05b109e42dfe) Generated GUIDs only implemented for interfaces!
 -> (artifact id: '8ceca4df3161352a1dae9fc89c550276') in 0.019246 seconds 
========================================================================
Received Import Request.
  Time since last request: 0.000030 seconds.
  path: Assets/LowPoly Environment Pack/FBX/Rock_6.fbx
  artifactKey: Guid(71bb44319f15e0741846c4fad009f013) Importer(2089858483,c653a7c40615fbf8c82c05b109e42dfe)
Start importing Assets/LowPoly Environment Pack/FBX/Rock_6.fbx using Guid(71bb44319f15e0741846c4fad009f013) Importer(2089858483,c653a7c40615fbf8c82c05b109e42dfe) Generated GUIDs only implemented for interfaces!
 -> (artifact id: '677cd69a8cef5a191bf0623feb58e643') in 0.028215 seconds 
========================================================================
Received Import Request.
  Time since last request: 0.000029 seconds.
  path: Assets/LowPoly Environment Pack/Demo/Scene 2/CameraTimeline Scene 2.playable
  artifactKey: Guid(7d8e840bccf07be428829788e4f567f6) Importer(2089858483,c653a7c40615fbf8c82c05b109e42dfe)
Start importing Assets/LowPoly Environment Pack/Demo/Scene 2/CameraTimeline Scene 2.playable using Guid(7d8e840bccf07be428829788e4f567f6) Importer(2089858483,c653a7c40615fbf8c82c05b109e42dfe) Generated GUIDs only implemented for interfaces!
 -> (artifact id: '023155b660e0dd5a776825dea52cfe71') in 0.019119 seconds 
========================================================================
Received Import Request.
  Time since last request: 0.000029 seconds.
  path: Assets/Player/Character/Textures/Ch36_1001_Diffuse.png
  artifactKey: Guid(6d375dfa584ef3c418100c0f7774fd3a) Importer(2089858483,c653a7c40615fbf8c82c05b109e42dfe)
Start importing Assets/Player/Character/Textures/Ch36_1001_Diffuse.png using Guid(6d375dfa584ef3c418100c0f7774fd3a) Importer(2089858483,c653a7c40615fbf8c82c05b109e42dfe) Generated GUIDs only implemented for interfaces!
 -> (artifact id: '4b51a99ff69735352e83eb2e4d9a0f9f') in 0.105636 seconds 
========================================================================
Received Import Request.
  Time since last request: 0.000022 seconds.
  path: Assets/LowPoly Environment Pack/Prefabs/Rock_2.prefab
  artifactKey: Guid(4983f395b2610de4e9f688a87bbd9af9) Importer(2089858483,c653a7c40615fbf8c82c05b109e42dfe)
Start importing Assets/LowPoly Environment Pack/Prefabs/Rock_2.prefab using Guid(4983f395b2610de4e9f688a87bbd9af9) Importer(2089858483,c653a7c40615fbf8c82c05b109e42dfe) Generated GUIDs only implemented for interfaces!
 -> (artifact id: 'b2c43cffbb9ee90ee170a055be88c567') in 0.023471 seconds 
========================================================================
Received Import Request.
  Time since last request: 0.000034 seconds.
  path: Assets/Prefab/UI/UI MainGame.prefab
  artifactKey: Guid(faf83258ab8ccfb449359e77cff8818a) Importer(2089858483,c653a7c40615fbf8c82c05b109e42dfe)
Start importing Assets/Prefab/UI/UI MainGame.prefab using Guid(faf83258ab8ccfb449359e77cff8818a) Importer(2089858483,c653a7c40615fbf8c82c05b109e42dfe) The method get_fontSharedMaterials was not found on Coins. This property will not be indexed.
UnityEngine.StackTraceUtility:ExtractStackTrace ()
UnityEngine.DebugLogHandler:LogFormat (UnityEngine.LogType,UnityEngine.Object,string,object[])
UnityEngine.Logger:Log (UnityEngine.LogType,object)
UnityEngine.Debug:LogWarning (object)
UnityEditor.Rendering.Universal.Converters.MaterialReferenceBuilder:GetMaterialFromMethod (System.Reflection.MethodInfo,UnityEngine.Object,System.Func`3<string, string, string>) (at Library/PackageCache/com.unity.render-pipelines.universal@12.1.6/Editor/Converter/MaterialReferenceBuilder.cs:133)
UnityEditor.Rendering.Universal.Converters.ConversionIndexers:ConversionIndexer (UnityEditor.Search.CustomObjectIndexerTarget,UnityEditor.Search.ObjectIndexer) (at Library/PackageCache/com.unity.render-pipelines.universal@12.1.6/Editor/Converter/ConversionIndexers.cs:21)
UnityEditor.Search.ObjectIndexer:CallCustomIndexers (string,int,UnityEngine.Object,UnityEditor.SerializedObject,bool)
UnityEditor.Search.ObjectIndexer:IndexCustomProperties (string,int,UnityEngine.Object)
UnityEditor.Search.AssetIndexer:IndexCustomGameObjectProperties (string,int,UnityEngine.GameObject)
UnityEditor.Search.AssetIndexer:IndexObjects (UnityEngine.GameObject[],string,string,string,bool)
UnityEditor.Search.AssetIndexer:IndexPrefab (string,bool)
UnityEditor.Search.AssetIndexer:IndexSceneDocument (string,bool)
UnityEditor.Search.AssetIndexer:IndexDocument (string,bool)
UnityEditor.Search.SearchIndexEntryImporter:OnImportAsset (UnityEditor.AssetImporters.AssetImportContext)
UnityEditor.AssetImporters.ScriptedImporter:GenerateAssetData (UnityEditor.AssetImporters.AssetImportContext)

(Filename: Library/PackageCache/com.unity.render-pipelines.universal@12.1.6/Editor/Converter/MaterialReferenceBuilder.cs Line: 133)

Generated GUIDs only implemented for interfaces!
 -> (artifact id: '6a3a34865bb83c4443df2be38cb3112c') in 0.221822 seconds 
========================================================================
Received Import Request.
  Time since last request: 0.000030 seconds.
  path: Assets/LowPoly Environment Pack/FBX/Mounting_2.fbx
  artifactKey: Guid(bf8d317df722d644f99e8ff3926c99d9) Importer(2089858483,c653a7c40615fbf8c82c05b109e42dfe)
Start importing Assets/LowPoly Environment Pack/FBX/Mounting_2.fbx using Guid(bf8d317df722d644f99e8ff3926c99d9) Importer(2089858483,c653a7c40615fbf8c82c05b109e42dfe) Generated GUIDs only implemented for interfaces!
 -> (artifact id: '958173fcbe3539237225e02b53c8a2c8') in 0.035112 seconds 
========================================================================
Received Import Request.
  Time since last request: 0.000020 seconds.
  path: Assets/LowPoly Environment Pack/FBX/Materials/Gray.1.mat
  artifactKey: Guid(fb5ddc125e5f05b42a1269e0a08850eb) Importer(2089858483,c653a7c40615fbf8c82c05b109e42dfe)
Start importing Assets/LowPoly Environment Pack/FBX/Materials/Gray.1.mat using Guid(fb5ddc125e5f05b42a1269e0a08850eb) Importer(2089858483,c653a7c40615fbf8c82c05b109e42dfe) Generated GUIDs only implemented for interfaces!
 -> (artifact id: 'cad084e88dcccbdf4fdcff4ea3986724') in 0.010240 seconds 
========================================================================
Received Import Request.
  Time since last request: 0.000019 seconds.
  path: Assets/LowPoly Environment Pack/Prefabs/Bush_3.prefab
  artifactKey: Guid(27ce25370e5628e4097b7cb95b3a151d) Importer(2089858483,c653a7c40615fbf8c82c05b109e42dfe)
Start importing Assets/LowPoly Environment Pack/Prefabs/Bush_3.prefab using Guid(27ce25370e5628e4097b7cb95b3a151d) Importer(2089858483,c653a7c40615fbf8c82c05b109e42dfe) Generated GUIDs only implemented for interfaces!
 -> (artifact id: '52cd54ad3a5f5a5a9a5f10f4c396dc31') in 0.018700 seconds 
========================================================================
Received Import Request.
  Time since last request: 0.000020 seconds.
  path: Assets/LowPoly Environment Pack/FBX/Materials/Yellow.3.mat
  artifactKey: Guid(62c01cd363116e4418505d6d72764b0d) Importer(2089858483,c653a7c40615fbf8c82c05b109e42dfe)
Start importing Assets/LowPoly Environment Pack/FBX/Materials/Yellow.3.mat using Guid(62c01cd363116e4418505d6d72764b0d) Importer(2089858483,c653a7c40615fbf8c82c05b109e42dfe) Generated GUIDs only implemented for interfaces!
 -> (artifact id: '8924493028cb4d0d598729c197c6d25e') in 0.008720 seconds 
========================================================================
Received Import Request.
  Time since last request: 0.000027 seconds.
  path: Assets/Player/Character/Textures/Ch36_1001_Specular.png
  artifactKey: Guid(837fd7a783fcaf6408a1a7b654b0ec7c) Importer(2089858483,c653a7c40615fbf8c82c05b109e42dfe)
Start importing Assets/Player/Character/Textures/Ch36_1001_Specular.png using Guid(837fd7a783fcaf6408a1a7b654b0ec7c) Importer(2089858483,c653a7c40615fbf8c82c05b109e42dfe) Generated GUIDs only implemented for interfaces!
 -> (artifact id: '709b97aaa4b6156337f5f69305f71782') in 0.029494 seconds 
========================================================================
Received Import Request.
  Time since last request: 0.000020 seconds.
  path: Assets/LowPoly Environment Pack/Prefabs/Plant_2.prefab
  artifactKey: Guid(4dcb45769932d8b449fc6523626179be) Importer(2089858483,c653a7c40615fbf8c82c05b109e42dfe)
Start importing Assets/LowPoly Environment Pack/Prefabs/Plant_2.prefab using Guid(4dcb45769932d8b449fc6523626179be) Importer(2089858483,c653a7c40615fbf8c82c05b109e42dfe) Generated GUIDs only implemented for interfaces!
 -> (artifact id: '4f62ad272aefc27868c6073e058d8671') in 0.014658 seconds 
========================================================================
Received Import Request.
  Time since last request: 0.000020 seconds.
  path: Assets/Scripts/Installer/SpawnInstaller.cs
  artifactKey: Guid(5ae40d9fee997304d9b805b7e8b607e4) Importer(2089858483,c653a7c40615fbf8c82c05b109e42dfe)
Start importing Assets/Scripts/Installer/SpawnInstaller.cs using Guid(5ae40d9fee997304d9b805b7e8b607e4) Importer(2089858483,c653a7c40615fbf8c82c05b109e42dfe) Generated GUIDs only implemented for interfaces!
 -> (artifact id: '9baab30427acf7dc4ae2987fb31b40ba') in 0.013010 seconds 
========================================================================
Received Import Request.
  Time since last request: 0.000022 seconds.
  path: Assets/LowPoly Environment Pack/FBX/Materials/Green.9.mat
  artifactKey: Guid(50f27939f1ba130428274fee828f4aa5) Importer(2089858483,c653a7c40615fbf8c82c05b109e42dfe)
Start importing Assets/LowPoly Environment Pack/FBX/Materials/Green.9.mat using Guid(50f27939f1ba130428274fee828f4aa5) Importer(2089858483,c653a7c40615fbf8c82c05b109e42dfe) Generated GUIDs only implemented for interfaces!
 -> (artifact id: 'cd46a1e1c1525c8ef39abb2ab922925b') in 0.010568 seconds 
========================================================================
Received Import Request.
  Time since last request: 0.000017 seconds.
  path: Assets/LowPoly Environment Pack/Prefabs/Grass_1.prefab
  artifactKey: Guid(b2199aadf1bb8c4449f3edfc84a39f78) Importer(2089858483,c653a7c40615fbf8c82c05b109e42dfe)
Start importing Assets/LowPoly Environment Pack/Prefabs/Grass_1.prefab using Guid(b2199aadf1bb8c4449f3edfc84a39f78) Importer(2089858483,c653a7c40615fbf8c82c05b109e42dfe) Generated GUIDs only implemented for interfaces!
 -> (artifact id: '17993819fcbaa8e3bc401c880efec8d7') in 0.016875 seconds 
========================================================================
Received Import Request.
  Time since last request: 0.000028 seconds.
  path: Assets/LowPoly Environment Pack/FBX/Materials/Brown.6.mat
  artifactKey: Guid(c47a8046d422cf44ab127456e4917876) Importer(2089858483,c653a7c40615fbf8c82c05b109e42dfe)
Start importing Assets/LowPoly Environment Pack/FBX/Materials/Brown.6.mat using Guid(c47a8046d422cf44ab127456e4917876) Importer(2089858483,c653a7c40615fbf8c82c05b109e42dfe) Generated GUIDs only implemented for interfaces!
 -> (artifact id: '5681ba989585ebd43b71e8c5f289e3fd') in 0.011079 seconds 
========================================================================
Received Import Request.
  Time since last request: 0.000044 seconds.
  path: Assets/LowPoly Environment Pack/FBX/Tree_2.fbx
  artifactKey: Guid(24a759921bedc2541881a0535a7bfcc8) Importer(2089858483,c653a7c40615fbf8c82c05b109e42dfe)
Start importing Assets/LowPoly Environment Pack/FBX/Tree_2.fbx using Guid(24a759921bedc2541881a0535a7bfcc8) Importer(2089858483,c653a7c40615fbf8c82c05b109e42dfe) Generated GUIDs only implemented for interfaces!
 -> (artifact id: '79cd302b00685325f2a5cb450338d268') in 0.044262 seconds 
========================================================================
Received Import Request.
  Time since last request: 0.000028 seconds.
  path: Assets/LowPoly Environment Pack/Prefabs/Plant_1.prefab
  artifactKey: Guid(48ad265f338caaf4da3a864816595b22) Importer(2089858483,c653a7c40615fbf8c82c05b109e42dfe)
Start importing Assets/LowPoly Environment Pack/Prefabs/Plant_1.prefab using Guid(48ad265f338caaf4da3a864816595b22) Importer(2089858483,c653a7c40615fbf8c82c05b109e42dfe) Generated GUIDs only implemented for interfaces!
 -> (artifact id: '9ffaa87ce8cf00db488211066df3cdf9') in 0.021297 seconds 
========================================================================
Received Import Request.
  Time since last request: 0.000030 seconds.
  path: Assets/Scripts/Character/Character.cs
  artifactKey: Guid(91bd957b0d4947e5b3c548e4f63d2b18) Importer(2089858483,c653a7c40615fbf8c82c05b109e42dfe)
Start importing Assets/Scripts/Character/Character.cs using Guid(91bd957b0d4947e5b3c548e4f63d2b18) Importer(2089858483,c653a7c40615fbf8c82c05b109e42dfe) Generated GUIDs only implemented for interfaces!
 -> (artifact id: 'fff6a17aea4e88925a24de75ab1158ca') in 0.013349 seconds 
========================================================================
Received Import Request.
  Time since last request: 0.000031 seconds.
  path: Assets/LowPoly Environment Pack/FBX/Rock_2.fbx
  artifactKey: Guid(dfed2e9fb3d8ac84da441095f9422543) Importer(2089858483,c653a7c40615fbf8c82c05b109e42dfe)
Start importing Assets/LowPoly Environment Pack/FBX/Rock_2.fbx using Guid(dfed2e9fb3d8ac84da441095f9422543) Importer(2089858483,c653a7c40615fbf8c82c05b109e42dfe) Generated GUIDs only implemented for interfaces!
 -> (artifact id: '940ed60ab035b736df983a077f8a6417') in 0.040926 seconds 
========================================================================
Received Import Request.
  Time since last request: 0.000028 seconds.
  path: Assets/LowPoly Environment Pack/FBX/Materials/Yellow.1.mat
  artifactKey: Guid(a13e4ebaa5a967d44b6836ec8e9e2f89) Importer(2089858483,c653a7c40615fbf8c82c05b109e42dfe)
Start importing Assets/LowPoly Environment Pack/FBX/Materials/Yellow.1.mat using Guid(a13e4ebaa5a967d44b6836ec8e9e2f89) Importer(2089858483,c653a7c40615fbf8c82c05b109e42dfe) Generated GUIDs only implemented for interfaces!
 -> (artifact id: 'f952eaa1a0368706ba6046838999ad0d') in 0.011326 seconds 
========================================================================
Received Import Request.
  Time since last request: 0.000029 seconds.
  path: Assets/LowPoly Environment Pack/FBX/Materials/Green.4.mat
  artifactKey: Guid(431d3f3310498c2488a88bac6acf6f84) Importer(2089858483,c653a7c40615fbf8c82c05b109e42dfe)
Start importing Assets/LowPoly Environment Pack/FBX/Materials/Green.4.mat using Guid(431d3f3310498c2488a88bac6acf6f84) Importer(2089858483,c653a7c40615fbf8c82c05b109e42dfe) Generated GUIDs only implemented for interfaces!
 -> (artifact id: 'ea3057b1cc7a62fdf0ff56b7a6e95d30') in 0.012069 seconds 
========================================================================
Received Import Request.
  Time since last request: 0.000029 seconds.
  path: Assets/LowPoly Environment Pack/Prefabs/Log_1.prefab
  artifactKey: Guid(0761e9c9debdfd34fa20f5859c6f08ff) Importer(2089858483,c653a7c40615fbf8c82c05b109e42dfe)
Start importing Assets/LowPoly Environment Pack/Prefabs/Log_1.prefab using Guid(0761e9c9debdfd34fa20f5859c6f08ff) Importer(2089858483,c653a7c40615fbf8c82c05b109e42dfe) Generated GUIDs only implemented for interfaces!
 -> (artifact id: '256ce65e1313e27b135ff16b5c3ffc1f') in 0.025365 seconds 
========================================================================
Received Import Request.
  Time since last request: 0.000037 seconds.
  path: Assets/Player/Character/Textures/Ch36_1001_Normal.png
  artifactKey: Guid(11b5b245feb75fc468506ebcc11a78dc) Importer(2089858483,c653a7c40615fbf8c82c05b109e42dfe)
Start importing Assets/Player/Character/Textures/Ch36_1001_Normal.png using Guid(11b5b245feb75fc468506ebcc11a78dc) Importer(2089858483,c653a7c40615fbf8c82c05b109e42dfe) Generated GUIDs only implemented for interfaces!
 -> (artifact id: '7cbeb942413174f05d4314ef0d6ff85e') in 0.056360 seconds 
========================================================================
Received Import Request.
  Time since last request: 0.000020 seconds.
  path: Assets/LowPoly Environment Pack/FBX/Materials/Orange.2.mat
  artifactKey: Guid(a57c77f070e349e428256669c403a9c5) Importer(2089858483,c653a7c40615fbf8c82c05b109e42dfe)
Start importing Assets/LowPoly Environment Pack/FBX/Materials/Orange.2.mat using Guid(a57c77f070e349e428256669c403a9c5) Importer(2089858483,c653a7c40615fbf8c82c05b109e42dfe) Generated GUIDs only implemented for interfaces!
 -> (artifact id: 'bf73e97f63febc4b656c8ed5e46d88e1') in 0.010320 seconds 
========================================================================
Received Import Request.
  Time since last request: 0.000072 seconds.
  path: Assets/LowPoly Environment Pack/FBX/Materials/Green.5.mat
  artifactKey: Guid(35efd64ed4769b8459707c2739efe32a) Importer(2089858483,c653a7c40615fbf8c82c05b109e42dfe)
Start importing Assets/LowPoly Environment Pack/FBX/Materials/Green.5.mat using Guid(35efd64ed4769b8459707c2739efe32a) Importer(2089858483,c653a7c40615fbf8c82c05b109e42dfe) Generated GUIDs only implemented for interfaces!
 -> (artifact id: 'f424d087c5a4263bef5cf7d4105cf392') in 0.009263 seconds 
========================================================================
Received Import Request.
  Time since last request: 0.000030 seconds.
  path: Assets/LowPoly Environment Pack/FBX/Plant_7.fbx
  artifactKey: Guid(1840141b5d3f43e49a5c7980d5c40da4) Importer(2089858483,c653a7c40615fbf8c82c05b109e42dfe)
Start importing Assets/LowPoly Environment Pack/FBX/Plant_7.fbx using Guid(1840141b5d3f43e49a5c7980d5c40da4) Importer(2089858483,c653a7c40615fbf8c82c05b109e42dfe) Generated GUIDs only implemented for interfaces!
 -> (artifact id: '21e945cc17fe30e76b8352c07c6e6b33') in 0.031335 seconds 
========================================================================
Received Import Request.
  Time since last request: 0.000023 seconds.
  path: Assets/LowPoly Environment Pack/FBX/Terrain_1.fbx
  artifactKey: Guid(dcf51a1e867a87e4596f1c757cbdb947) Importer(2089858483,c653a7c40615fbf8c82c05b109e42dfe)
Start importing Assets/LowPoly Environment Pack/FBX/Terrain_1.fbx using Guid(dcf51a1e867a87e4596f1c757cbdb947) Importer(2089858483,c653a7c40615fbf8c82c05b109e42dfe) Generated GUIDs only implemented for interfaces!
 -> (artifact id: '9b6fc813a649ea67325cbda34cd089a5') in 0.030568 seconds 
========================================================================
Received Import Request.
  Time since last request: 0.000029 seconds.
  path: Assets/LowPoly Environment Pack/Prefabs/Plant_4.prefab
  artifactKey: Guid(41e722f5443cbd048b675375e24f1beb) Importer(2089858483,c653a7c40615fbf8c82c05b109e42dfe)
Start importing Assets/LowPoly Environment Pack/Prefabs/Plant_4.prefab using Guid(41e722f5443cbd048b675375e24f1beb) Importer(2089858483,c653a7c40615fbf8c82c05b109e42dfe) Generated GUIDs only implemented for interfaces!
 -> (artifact id: 'bcfa40de5c1d5de800c4f59f7ba3271a') in 0.025880 seconds 
========================================================================
Received Import Request.
  Time since last request: 0.000031 seconds.
  path: Assets/Scripts/Character/CharacterAnimationController.cs
  artifactKey: Guid(61d1f6535cae40bda58487e686cf4404) Importer(2089858483,c653a7c40615fbf8c82c05b109e42dfe)
Start importing Assets/Scripts/Character/CharacterAnimationController.cs using Guid(61d1f6535cae40bda58487e686cf4404) Importer(2089858483,c653a7c40615fbf8c82c05b109e42dfe) Generated GUIDs only implemented for interfaces!
 -> (artifact id: 'af40ed1e9feb749d06c4adaed080af50') in 0.014174 seconds 
========================================================================
Received Import Request.
  Time since last request: 0.000038 seconds.
  path: Assets/LowPoly Environment Pack/FBX/Materials/Brown.3.mat
  artifactKey: Guid(2852b271d0d088643a66c25efe4b5aa0) Importer(2089858483,c653a7c40615fbf8c82c05b109e42dfe)
Start importing Assets/LowPoly Environment Pack/FBX/Materials/Brown.3.mat using Guid(2852b271d0d088643a66c25efe4b5aa0) Importer(2089858483,c653a7c40615fbf8c82c05b109e42dfe) Generated GUIDs only implemented for interfaces!
 -> (artifact id: '9b074fe6650fe4d9f0d3cedf3d532cd5') in 0.011572 seconds 
========================================================================
Received Import Request.
  Time since last request: 0.000028 seconds.
  path: Assets/LowPoly Environment Pack/FBX/Plant_1.fbx
  artifactKey: Guid(3739d3cd85494bb4c887d0401497fe57) Importer(2089858483,c653a7c40615fbf8c82c05b109e42dfe)
Start importing Assets/LowPoly Environment Pack/FBX/Plant_1.fbx using Guid(3739d3cd85494bb4c887d0401497fe57) Importer(2089858483,c653a7c40615fbf8c82c05b109e42dfe) Generated GUIDs only implemented for interfaces!
 -> (artifact id: 'a7b33b05f334b7df0d68179adf967dac') in 0.035902 seconds 
========================================================================
Received Import Request.
  Time since last request: 0.000031 seconds.
  path: Assets/Setup/Terrain/TerrainData_7b6ec704-b271-43f6-b004-10cdd908bc83.asset
  artifactKey: Guid(a984617b669b1344c9a62c17beaf71f6) Importer(2089858483,c653a7c40615fbf8c82c05b109e42dfe)
Start importing Assets/Setup/Terrain/TerrainData_7b6ec704-b271-43f6-b004-10cdd908bc83.asset using Guid(a984617b669b1344c9a62c17beaf71f6) Importer(2089858483,c653a7c40615fbf8c82c05b109e42dfe) Generated GUIDs only implemented for interfaces!
 -> (artifact id: 'b3998ee2b421ca90aa006aeb1726c43f') in 0.017624 seconds 
========================================================================
Received Import Request.
  Time since last request: 0.000027 seconds.
  path: Assets/LowPoly Environment Pack/Demo/Scene 3/PPS Demo 3.asset
  artifactKey: Guid(b2efb2e5ea2c77f489248d9683783f1e) Importer(2089858483,c653a7c40615fbf8c82c05b109e42dfe)
Start importing Assets/LowPoly Environment Pack/Demo/Scene 3/PPS Demo 3.asset using Guid(b2efb2e5ea2c77f489248d9683783f1e) Importer(2089858483,c653a7c40615fbf8c82c05b109e42dfe) Generated GUIDs only implemented for interfaces!
 -> (artifact id: '02222a9a06c153421581938a0677125d') in 0.008102 seconds 
Editor requested this worker to shutdown with reason: Scaling down because of idle timeout
AssetImportWorker is now disconnected from the server
Process exiting
Exiting without the bug reporter. Application will terminate with return code 0