Using pre-set license
Built from '2021.3/staging' branch; Version is '2021.3.3f1 (af2e63e8f9bd) revision 11480675'; Using compiler version '192829333'; Build Type 'Release'
OS: 'Windows 10  (10.0.19044) 64bit Professional' Language: 'ru' Physical Memory: 16221 MB
BatchMode: 1, IsHumanControllingUs: 0, StartBugReporterOnCrash: 0, Is64bit: 1, IsPro: 1

COMMAND LINE ARGUMENTS:
D:\Unity\2020.3.29f1\2021.3.3f1\Editor\Unity.exe
-adb2
-batchMode
-noUpm
-name
AssetImportWorker4
-projectPath
D:/Documents/GitHub/Magic-Sword/Magic&Sword
-logFile
Logs/AssetImportWorker4.log
-srvPort
59789
Successfully changed project path to: D:/Documents/GitHub/Magic-Sword/Magic&Sword
D:/Documents/GitHub/Magic-Sword/Magic&Sword
[UnityMemory] Configuration Parameters - Can be set up in boot.config
    "memorysetup-bucket-allocator-granularity=16"
    "memorysetup-bucket-allocator-bucket-count=8"
    "memorysetup-bucket-allocator-block-size=33554432"
    "memorysetup-bucket-allocator-block-count=8"
    "memorysetup-main-allocator-block-size=16777216"
    "memorysetup-thread-allocator-block-size=16777216"
    "memorysetup-gfx-main-allocator-block-size=16777216"
    "memorysetup-gfx-thread-allocator-block-size=16777216"
    "memorysetup-cache-allocator-block-size=4194304"
    "memorysetup-typetree-allocator-block-size=2097152"
    "memorysetup-profiler-bucket-allocator-granularity=16"
    "memorysetup-profiler-bucket-allocator-bucket-count=8"
    "memorysetup-profiler-bucket-allocator-block-size=33554432"
    "memorysetup-profiler-bucket-allocator-block-count=8"
    "memorysetup-profiler-allocator-block-size=16777216"
    "memorysetup-profiler-editor-allocator-block-size=1048576"
    "memorysetup-temp-allocator-size-main=16777216"
    "memorysetup-job-temp-allocator-block-size=2097152"
    "memorysetup-job-temp-allocator-block-size-background=1048576"
    "memorysetup-job-temp-allocator-reduction-small-platforms=262144"
    "memorysetup-temp-allocator-size-background-worker=32768"
    "memorysetup-temp-allocator-size-job-worker=262144"
    "memorysetup-temp-allocator-size-preload-manager=33554432"
    "memorysetup-temp-allocator-size-nav-mesh-worker=65536"
    "memorysetup-temp-allocator-size-audio-worker=65536"
    "memorysetup-temp-allocator-size-cloud-worker=32768"
    "memorysetup-temp-allocator-size-gi-baking-worker=262144"
    "memorysetup-temp-allocator-size-gfx=262144"
Refreshing native plugins compatible for Editor in 104.10 ms, found 2 plugins.
Preloading 0 native plugins for Editor in 0.00 ms.
Initialize engine version: 2021.3.3f1 (af2e63e8f9bd)
[Subsystems] Discovering subsystems at path D:/Unity/2020.3.29f1/2021.3.3f1/Editor/Data/Resources/UnitySubsystems
[Subsystems] Discovering subsystems at path D:/Documents/GitHub/Magic-Sword/Magic&Sword/Assets
GfxDevice: creating device client; threaded=0; jobified=0
Direct3D:
    Version:  Direct3D 11.0 [level 11.1]
    Renderer: NVIDIA GeForce GTX 1070 (ID=0x1b81)
    Vendor:   NVIDIA
    VRAM:     8088 MB
    Driver:   27.21.14.6663
Initialize mono
Mono path[0] = 'D:/Unity/2020.3.29f1/2021.3.3f1/Editor/Data/Managed'
Mono path[1] = 'D:/Unity/2020.3.29f1/2021.3.3f1/Editor/Data/MonoBleedingEdge/lib/mono/unityjit-win32'
Mono config path = 'D:/Unity/2020.3.29f1/2021.3.3f1/Editor/Data/MonoBleedingEdge/etc'
Using monoOptions --debugger-agent=transport=dt_socket,embedding=1,server=y,suspend=n,address=127.0.0.1:56144
Begin MonoManager ReloadAssembly
Registering precompiled unity dll's ...
Register platform support module: D:/Unity/2020.3.29f1/2021.3.3f1/Editor/Data/PlaybackEngines/WindowsStandaloneSupport/UnityEditor.WindowsStandalone.Extensions.dll
Registered in 0.003303 seconds.
Native extension for WindowsStandalone target not found
Refreshing native plugins compatible for Editor in 82.26 ms, found 2 plugins.
Preloading 0 native plugins for Editor in 0.00 ms.
Mono: successfully reloaded assembly
- Completed reload, in  0.775 seconds
Domain Reload Profiling:
	ReloadAssembly (776ms)
		BeginReloadAssembly (129ms)
			ExecutionOrderSort (0ms)
			DisableScriptedObjects (0ms)
			BackupInstance (0ms)
			ReleaseScriptingObjects (0ms)
			CreateAndSetChildDomain (1ms)
		EndReloadAssembly (498ms)
			LoadAssemblies (128ms)
			RebuildTransferFunctionScriptingTraits (0ms)
			SetupTypeCache (122ms)
			ReleaseScriptCaches (0ms)
			RebuildScriptCaches (33ms)
			SetupLoadedEditorAssemblies (286ms)
				LogAssemblyErrors (0ms)
				InitializePlatformSupportModulesInManaged (8ms)
				SetLoadedEditorAssemblies (0ms)
				RefreshPlugins (82ms)
				BeforeProcessingInitializeOnLoad (2ms)
				ProcessInitializeOnLoadAttributes (141ms)
				ProcessInitializeOnLoadMethodAttributes (53ms)
				AfterProcessingInitializeOnLoad (0ms)
				EditorAssembliesLoaded (0ms)
			ExecutionOrderSort2 (0ms)
			AwakeInstancesAfterBackupRestoration (0ms)
Platform modules already initialized, skipping
Registering precompiled user dll's ...
Registered in 0.014636 seconds.
Begin MonoManager ReloadAssembly
Native extension for WindowsStandalone target not found
Refreshing native plugins compatible for Editor in 88.28 ms, found 2 plugins.
Preloading 0 native plugins for Editor in 0.00 ms.
Mono: successfully reloaded assembly
- Completed reload, in  2.762 seconds
Domain Reload Profiling:
	ReloadAssembly (2763ms)
		BeginReloadAssembly (134ms)
			ExecutionOrderSort (0ms)
			DisableScriptedObjects (7ms)
			BackupInstance (0ms)
			ReleaseScriptingObjects (0ms)
			CreateAndSetChildDomain (23ms)
		EndReloadAssembly (2519ms)
			LoadAssemblies (124ms)
			RebuildTransferFunctionScriptingTraits (0ms)
			SetupTypeCache (323ms)
			ReleaseScriptCaches (1ms)
			RebuildScriptCaches (107ms)
			SetupLoadedEditorAssemblies (1927ms)
				LogAssemblyErrors (0ms)
				InitializePlatformSupportModulesInManaged (12ms)
				SetLoadedEditorAssemblies (0ms)
				RefreshPlugins (88ms)
				BeforeProcessingInitializeOnLoad (123ms)
				ProcessInitializeOnLoadAttributes (1587ms)
				ProcessInitializeOnLoadMethodAttributes (113ms)
				AfterProcessingInitializeOnLoad (3ms)
				EditorAssembliesLoaded (0ms)
			ExecutionOrderSort2 (0ms)
			AwakeInstancesAfterBackupRestoration (7ms)
Platform modules already initialized, skipping
========================================================================
Worker process is ready to serve import requests
Launched and connected shader compiler UnityShaderCompiler.exe after 0.04 seconds
Refreshing native plugins compatible for Editor in 1.09 ms, found 2 plugins.
Preloading 0 native plugins for Editor in 0.00 ms.
Unloading 4752 Unused Serialized files (Serialized files now loaded: 0)
Unloading 60 unused Assets / (1.2 MB). Loaded Objects now: 5289.
Memory consumption went from 211.6 MB to 210.5 MB.
Total: 26.516300 ms (FindLiveObjects: 0.519100 ms CreateObjectMapping: 0.248400 ms MarkObjects: 25.378000 ms  DeleteObjects: 0.369400 ms)

AssetImportParameters requested are different than current active one (requested -> active):
  custom:video-decoder-ogg-theora: a1e56fd34408186e4bbccfd4996cb3dc -> 
  custom:container-muxer-webm: aa71ff27fc2769a1b78a27578f13a17b -> 
  custom:container-demuxer-webm: 4f35f7cbe854078d1ac9338744f61a02 -> 
  custom:video-encoder-webm-vp8: eb34c28f22e8b96e1ab97ce403110664 -> 
  custom:audio-encoder-webm-vorbis: bf7c407c2cedff20999df2af8eb42d56 -> 
  custom:framework-win-MediaFoundation: 216162199b28c13a410421893ffa2e32 -> 
  custom:container-demuxer-ogg: 62fdf1f143b41e24485cea50d1cbac27 -> 
  custom:video-decoder-webm-vp8: 9c59270c3fd7afecdb556c50c9e8de78 -> 
  custom:audio-decoder-ogg-vorbis: bf7c407c2cedff20999df2af8eb42d56 -> 
========================================================================
Received Import Request.
  Time since last request: 13790.864798 seconds.
  path: Assets/LowPoly Environment Pack/Demo/Demo 1.unity
  artifactKey: Guid(e1b793c40df980747b159fd6e9176269) Importer(815301076,1909f56bfc062723c751e8b465ee728b)
Start importing Assets/LowPoly Environment Pack/Demo/Demo 1.unity using Guid(e1b793c40df980747b159fd6e9176269) Importer(815301076,1909f56bfc062723c751e8b465ee728b)  -> (artifact id: 'efe2088456839982d47d86ce4bfa9425') in 0.012056 seconds 
========================================================================
Received Import Request.
  Time since last request: 5.220953 seconds.
  path: Assets/LowPoly Environment Pack/Demo/Demo 2.unity
  artifactKey: Guid(1728c33fb4b47e245a0598bcb1f88c83) Importer(815301076,1909f56bfc062723c751e8b465ee728b)
Start importing Assets/LowPoly Environment Pack/Demo/Demo 2.unity using Guid(1728c33fb4b47e245a0598bcb1f88c83) Importer(815301076,1909f56bfc062723c751e8b465ee728b)  -> (artifact id: '524ebe18e73eae751fb2a7dd7492e077') in 0.001844 seconds 
========================================================================
Received Import Request.
  Time since last request: 61.996584 seconds.
  path: Assets/LowPoly Environment Pack/Demo/Scene 1/CameraTimeline Scene 1.playable
  artifactKey: Guid(d44d463529724c547bb6a8cfb68c72e8) Importer(815301076,1909f56bfc062723c751e8b465ee728b)
Start importing Assets/LowPoly Environment Pack/Demo/Scene 1/CameraTimeline Scene 1.playable using Guid(d44d463529724c547bb6a8cfb68c72e8) Importer(815301076,1909f56bfc062723c751e8b465ee728b)  -> (artifact id: '5a34d583ec6f994a70d347d8a777e443') in 0.046939 seconds 
========================================================================
Received Import Request.
  Time since last request: 0.470260 seconds.
  path: Assets/LowPoly Environment Pack/Demo/Scene 2/CameraTimeline Scene 2.playable
  artifactKey: Guid(7d8e840bccf07be428829788e4f567f6) Importer(815301076,1909f56bfc062723c751e8b465ee728b)
Start importing Assets/LowPoly Environment Pack/Demo/Scene 2/CameraTimeline Scene 2.playable using Guid(7d8e840bccf07be428829788e4f567f6) Importer(815301076,1909f56bfc062723c751e8b465ee728b)  -> (artifact id: '845b97ed047787db243eced46525f4e1') in 0.003118 seconds 
========================================================================
Received Import Request.
  Time since last request: 0.484049 seconds.
  path: Assets/LowPoly Environment Pack/Demo/Scene 3/CameraTimeline Demo 3.playable
  artifactKey: Guid(d64d6025a6aba534ca8893021654c49f) Importer(815301076,1909f56bfc062723c751e8b465ee728b)
Start importing Assets/LowPoly Environment Pack/Demo/Scene 3/CameraTimeline Demo 3.playable using Guid(d64d6025a6aba534ca8893021654c49f) Importer(815301076,1909f56bfc062723c751e8b465ee728b)  -> (artifact id: '910f93b1c8277446c50c9f32de122fe5') in 0.003012 seconds 
========================================================================
Received Import Request.
  Time since last request: 15.460430 seconds.
  path: Assets/LowPoly Environment Pack/Demo/Demo 3.unity
  artifactKey: Guid(3968a21f23951b942811bf09fca9e1a0) Importer(815301076,1909f56bfc062723c751e8b465ee728b)
Start importing Assets/LowPoly Environment Pack/Demo/Demo 3.unity using Guid(3968a21f23951b942811bf09fca9e1a0) Importer(815301076,1909f56bfc062723c751e8b465ee728b)  -> (artifact id: '54be40e640138ef5b6a279dcf1aa90ac') in 0.001894 seconds 
========================================================================
Received Import Request.
  Time since last request: 30.459034 seconds.
  path: Assets/LowPoly Environment Pack/FBX/Materials/Brown.4.mat
  artifactKey: Guid(ca030f1a8877487408d9e0ba65b2ec80) Importer(815301076,1909f56bfc062723c751e8b465ee728b)
Start importing Assets/LowPoly Environment Pack/FBX/Materials/Brown.4.mat using Guid(ca030f1a8877487408d9e0ba65b2ec80) Importer(815301076,1909f56bfc062723c751e8b465ee728b)  -> (artifact id: 'cd5bde42b73fec53c13cdaaa0d90201b') in 0.469235 seconds 
========================================================================
Received Import Request.
  Time since last request: 88.539924 seconds.
  path: Assets/Scenes/MainGame.unity
  artifactKey: Guid(d1c3109bdb54ad54c8a2b2838528e640) Importer(815301076,1909f56bfc062723c751e8b465ee728b)
Start importing Assets/Scenes/MainGame.unity using Guid(d1c3109bdb54ad54c8a2b2838528e640) Importer(815301076,1909f56bfc062723c751e8b465ee728b)  -> (artifact id: '6e935686c08d0c96ecf8c6d003fae722') in 0.001728 seconds 
========================================================================
Received Import Request.
  Time since last request: 431.253811 seconds.
  path: Assets/LowPoly Environment Pack/FBX/Materials/Brown.2.mat
  artifactKey: Guid(f7c2deb7be33c61418c105b4da4da2d8) Importer(815301076,1909f56bfc062723c751e8b465ee728b)
Start importing Assets/LowPoly Environment Pack/FBX/Materials/Brown.2.mat using Guid(f7c2deb7be33c61418c105b4da4da2d8) Importer(815301076,1909f56bfc062723c751e8b465ee728b)  -> (artifact id: '0d157faac27bde1b000632a1cfd4b93c') in 0.018981 seconds 
========================================================================
Received Import Request.
  Time since last request: 0.000033 seconds.
  path: Assets/LowPoly Environment Pack/FBX/Materials/Brown.6.mat
  artifactKey: Guid(c47a8046d422cf44ab127456e4917876) Importer(815301076,1909f56bfc062723c751e8b465ee728b)
Start importing Assets/LowPoly Environment Pack/FBX/Materials/Brown.6.mat using Guid(c47a8046d422cf44ab127456e4917876) Importer(815301076,1909f56bfc062723c751e8b465ee728b)  -> (artifact id: '726ab0abc11416596d582eb8cb3ca675') in 0.015018 seconds 
========================================================================
Received Import Request.
  Time since last request: 0.000038 seconds.
  path: Assets/LowPoly Environment Pack/FBX/Materials/Brown.7.mat
  artifactKey: Guid(4fe563c5f58ef3f428825ed56c445b80) Importer(815301076,1909f56bfc062723c751e8b465ee728b)
Start importing Assets/LowPoly Environment Pack/FBX/Materials/Brown.7.mat using Guid(4fe563c5f58ef3f428825ed56c445b80) Importer(815301076,1909f56bfc062723c751e8b465ee728b)  -> (artifact id: '933df0355da5a5818472679e4ad6527b') in 0.017258 seconds 
========================================================================
Received Import Request.
  Time since last request: 0.000028 seconds.
  path: Assets/LowPoly Environment Pack/FBX/Materials/Gray.2.mat
  artifactKey: Guid(e2f44d83259a3c14abd33197677dbc91) Importer(815301076,1909f56bfc062723c751e8b465ee728b)
Start importing Assets/LowPoly Environment Pack/FBX/Materials/Gray.2.mat using Guid(e2f44d83259a3c14abd33197677dbc91) Importer(815301076,1909f56bfc062723c751e8b465ee728b)  -> (artifact id: 'd626d53cedebe80009e1dcdc54cbe3e8') in 0.013593 seconds 
========================================================================
Received Import Request.
  Time since last request: 0.000030 seconds.
  path: Assets/LowPoly Environment Pack/FBX/Materials/Purple.1.mat
  artifactKey: Guid(f9e8a256b2e009743bcefbdabbb05382) Importer(815301076,1909f56bfc062723c751e8b465ee728b)
Start importing Assets/LowPoly Environment Pack/FBX/Materials/Purple.1.mat using Guid(f9e8a256b2e009743bcefbdabbb05382) Importer(815301076,1909f56bfc062723c751e8b465ee728b)  -> (artifact id: '169a388eb4ff6c766528702481414171') in 0.015266 seconds 
========================================================================
Received Import Request.
  Time since last request: 0.000034 seconds.
  path: Assets/LowPoly Environment Pack/FBX/Materials/Orange.1.mat
  artifactKey: Guid(31bf94a71a52adb4f84ef40356426dbb) Importer(815301076,1909f56bfc062723c751e8b465ee728b)
Start importing Assets/LowPoly Environment Pack/FBX/Materials/Orange.1.mat using Guid(31bf94a71a52adb4f84ef40356426dbb) Importer(815301076,1909f56bfc062723c751e8b465ee728b)  -> (artifact id: '4cd25440bf044b62b5d7e9049f4329df') in 0.013899 seconds 
========================================================================
Received Import Request.
  Time since last request: 0.000028 seconds.
  path: Assets/LowPoly Environment Pack/FBX/Materials/Green.3.mat
  artifactKey: Guid(94f42fcaf1b6c224c99738b35fda2bcb) Importer(815301076,1909f56bfc062723c751e8b465ee728b)
Start importing Assets/LowPoly Environment Pack/FBX/Materials/Green.3.mat using Guid(94f42fcaf1b6c224c99738b35fda2bcb) Importer(815301076,1909f56bfc062723c751e8b465ee728b)  -> (artifact id: 'e34e957d0f996026c00914884fbe3fa8') in 0.014404 seconds 
========================================================================
Received Import Request.
  Time since last request: 0.000037 seconds.
  path: Assets/LowPoly Environment Pack/FBX/Materials/Brown.8.mat
  artifactKey: Guid(fc45bd3e9d781c6469cb7e33fd1c8bd0) Importer(815301076,1909f56bfc062723c751e8b465ee728b)
Start importing Assets/LowPoly Environment Pack/FBX/Materials/Brown.8.mat using Guid(fc45bd3e9d781c6469cb7e33fd1c8bd0) Importer(815301076,1909f56bfc062723c751e8b465ee728b)  -> (artifact id: '2b8340793533f2a43b98fab9ed8cd5c9') in 0.015110 seconds 
========================================================================
Received Import Request.
  Time since last request: 0.000039 seconds.
  path: Assets/LowPoly Environment Pack/FBX/Materials/Green.2.mat
  artifactKey: Guid(59ef7dc611ee0474092dff5c29ab828f) Importer(815301076,1909f56bfc062723c751e8b465ee728b)
Start importing Assets/LowPoly Environment Pack/FBX/Materials/Green.2.mat using Guid(59ef7dc611ee0474092dff5c29ab828f) Importer(815301076,1909f56bfc062723c751e8b465ee728b)  -> (artifact id: '8bbf256844661db601ac671afcf4eece') in 0.012812 seconds 
========================================================================
Received Import Request.
  Time since last request: 0.000030 seconds.
  path: Assets/LowPoly Environment Pack/FBX/Materials/Green.11.mat
  artifactKey: Guid(9bceac9e437c11447a0839f938aaa270) Importer(815301076,1909f56bfc062723c751e8b465ee728b)
Start importing Assets/LowPoly Environment Pack/FBX/Materials/Green.11.mat using Guid(9bceac9e437c11447a0839f938aaa270) Importer(815301076,1909f56bfc062723c751e8b465ee728b)  -> (artifact id: 'fa9d6b67cb50af6d43617fc573c02553') in 0.013487 seconds 
========================================================================
Received Import Request.
  Time since last request: 0.000022 seconds.
  path: Assets/LowPoly Environment Pack/FBX/Materials/Yellow.4.mat
  artifactKey: Guid(779672b87a6027e4fb52bd5c47f2c110) Importer(815301076,1909f56bfc062723c751e8b465ee728b)
Start importing Assets/LowPoly Environment Pack/FBX/Materials/Yellow.4.mat using Guid(779672b87a6027e4fb52bd5c47f2c110) Importer(815301076,1909f56bfc062723c751e8b465ee728b)  -> (artifact id: '185fa8a08a98b51028af262761769ebb') in 0.016490 seconds 
========================================================================
Received Import Request.
  Time since last request: 0.000036 seconds.
  path: Assets/LowPoly Environment Pack/FBX/Materials/Orange.3.mat
  artifactKey: Guid(0933253977cd0454b989b8bc25bbdc83) Importer(815301076,1909f56bfc062723c751e8b465ee728b)
Start importing Assets/LowPoly Environment Pack/FBX/Materials/Orange.3.mat using Guid(0933253977cd0454b989b8bc25bbdc83) Importer(815301076,1909f56bfc062723c751e8b465ee728b)  -> (artifact id: 'a145a25c1b9d9bf2930ec263d697c605') in 0.013928 seconds 
========================================================================
Received Import Request.
  Time since last request: 0.000034 seconds.
  path: Assets/LowPoly Environment Pack/FBX/Materials/Yellow.3.mat
  artifactKey: Guid(62c01cd363116e4418505d6d72764b0d) Importer(815301076,1909f56bfc062723c751e8b465ee728b)
Start importing Assets/LowPoly Environment Pack/FBX/Materials/Yellow.3.mat using Guid(62c01cd363116e4418505d6d72764b0d) Importer(815301076,1909f56bfc062723c751e8b465ee728b)  -> (artifact id: '5801f8b055f2f05f641de5d1b2fbf360') in 0.017127 seconds 
========================================================================
Received Import Request.
  Time since last request: 0.000039 seconds.
  path: Assets/LowPoly Environment Pack/FBX/Materials/Green.4.mat
  artifactKey: Guid(431d3f3310498c2488a88bac6acf6f84) Importer(815301076,1909f56bfc062723c751e8b465ee728b)
Start importing Assets/LowPoly Environment Pack/FBX/Materials/Green.4.mat using Guid(431d3f3310498c2488a88bac6acf6f84) Importer(815301076,1909f56bfc062723c751e8b465ee728b)  -> (artifact id: 'a33f6ec90936952e09dc04a1a8547295') in 0.023286 seconds 
========================================================================
Received Import Request.
  Time since last request: 0.000040 seconds.
  path: Assets/LowPoly Environment Pack/FBX/Materials/Orange.2.mat
  artifactKey: Guid(a57c77f070e349e428256669c403a9c5) Importer(815301076,1909f56bfc062723c751e8b465ee728b)
Start importing Assets/LowPoly Environment Pack/FBX/Materials/Orange.2.mat using Guid(a57c77f070e349e428256669c403a9c5) Importer(815301076,1909f56bfc062723c751e8b465ee728b)  -> (artifact id: 'eadb4b4a82409751323dc0e3c3ecde77') in 0.019302 seconds 
========================================================================
Received Import Request.
  Time since last request: 0.000035 seconds.
  path: Assets/LowPoly Environment Pack/FBX/Materials/Brown.14.mat
  artifactKey: Guid(7e5b0a9678b8426468b771b1050eeae4) Importer(815301076,1909f56bfc062723c751e8b465ee728b)
Start importing Assets/LowPoly Environment Pack/FBX/Materials/Brown.14.mat using Guid(7e5b0a9678b8426468b771b1050eeae4) Importer(815301076,1909f56bfc062723c751e8b465ee728b)  -> (artifact id: '6ec7931856a52793f049f42824065b8a') in 0.016606 seconds 
========================================================================
Received Import Request.
  Time since last request: 0.000036 seconds.
  path: Assets/LowPoly Environment Pack/FBX/Materials/Green.7.mat
  artifactKey: Guid(0f7806b54edf71c4796d1c67899856bc) Importer(815301076,1909f56bfc062723c751e8b465ee728b)
Start importing Assets/LowPoly Environment Pack/FBX/Materials/Green.7.mat using Guid(0f7806b54edf71c4796d1c67899856bc) Importer(815301076,1909f56bfc062723c751e8b465ee728b)  -> (artifact id: '530f4fae3c04a95292a13b7df4b3fc7f') in 0.017070 seconds 
