Using pre-set license
Built from '2020.3/staging' branch; Version is '2020.3.25f1 (9b9180224418) revision 10195328'; Using compiler version '192528614'; Build Type 'Release'
OS: 'Windows 10  (10.0.19041) 64bit Professional' Language: 'ru' Physical Memory: 16302 MB
BatchMode: 1, IsHumanControllingUs: 0, StartBugReporterOnCrash: 0, Is64bit: 1, IsPro: 0

COMMAND LINE ARGUMENTS:
F:\Unity\Editor\2020.3.25f1\Editor\Unity.exe
-adb2
-batchMode
-noUpm
-name
AssetImportWorker1
-projectPath
F:/Documents/GitHub/Magic_Sword/Magic&Sword
-logFile
Logs/AssetImportWorker1.log
-srvPort
50701
Successfully changed project path to: F:/Documents/GitHub/Magic_Sword/Magic&Sword
F:/Documents/GitHub/Magic_Sword/Magic&Sword
Using Asset Import Pipeline V2.
Refreshing native plugins compatible for Editor in 84.23 ms, found 2 plugins.
Preloading 0 native plugins for Editor in 0.00 ms.
Initialize engine version: 2020.3.25f1 (9b9180224418)
[Subsystems] Discovering subsystems at path F:/Unity/Editor/2020.3.25f1/Editor/Data/Resources/UnitySubsystems
[Subsystems] Discovering subsystems at path F:/Documents/GitHub/Magic_Sword/Magic&Sword/Assets
GfxDevice: creating device client; threaded=0
Direct3D:
    Version:  Direct3D 11.0 [level 11.1]
    Renderer: NVIDIA GeForce GTX 1660 (ID=0x2184)
    Vendor:   
    VRAM:     5991 MB
    Driver:   30.0.15.1123
Initialize mono
Mono path[0] = 'F:/Unity/Editor/2020.3.25f1/Editor/Data/Managed'
Mono path[1] = 'F:/Unity/Editor/2020.3.25f1/Editor/Data/MonoBleedingEdge/lib/mono/unityjit'
Mono config path = 'F:/Unity/Editor/2020.3.25f1/Editor/Data/MonoBleedingEdge/etc'
Using monoOptions --debugger-agent=transport=dt_socket,embedding=1,server=y,suspend=n,address=127.0.0.1:56376
Begin MonoManager ReloadAssembly
Registering precompiled unity dll's ...
Register platform support module: F:/Unity/Editor/2020.3.25f1/Editor/Data/PlaybackEngines/WindowsStandaloneSupport/UnityEditor.WindowsStandalone.Extensions.dll
Registered in 0.002215 seconds.
Native extension for WindowsStandalone target not found
Refreshing native plugins compatible for Editor in 90.59 ms, found 2 plugins.
Preloading 0 native plugins for Editor in 0.00 ms.
Mono: successfully reloaded assembly
- Completed reload, in  1.015 seconds
Domain Reload Profiling:
	ReloadAssembly (1015ms)
		BeginReloadAssembly (100ms)
			ExecutionOrderSort (0ms)
			DisableScriptedObjects (0ms)
			BackupInstance (0ms)
			ReleaseScriptingObjects (0ms)
			CreateAndSetChildDomain (2ms)
		EndReloadAssembly (805ms)
			LoadAssemblies (99ms)
			RebuildTransferFunctionScriptingTraits (1ms)
			SetupTypeCache (208ms)
			ReleaseScriptCaches (0ms)
			RebuildScriptCaches (54ms)
			SetupLoadedEditorAssemblies (362ms)
				LogAssemblyErrors (0ms)
				InitializePlatformSupportModulesInManaged (8ms)
				SetLoadedEditorAssemblies (1ms)
				RefreshPlugins (91ms)
				BeforeProcessingInitializeOnLoad (25ms)
				ProcessInitializeOnLoadAttributes (174ms)
				ProcessInitializeOnLoadMethodAttributes (63ms)
				AfterProcessingInitializeOnLoad (0ms)
				EditorAssembliesLoaded (1ms)
			ExecutionOrderSort2 (0ms)
			AwakeInstancesAfterBackupRestoration (0ms)
Platform modules already initialized, skipping
Registering precompiled user dll's ...
Registered in 0.008073 seconds.
Begin MonoManager ReloadAssembly
Native extension for WindowsStandalone target not found
Refreshing native plugins compatible for Editor in 89.91 ms, found 2 plugins.
Preloading 0 native plugins for Editor in 0.00 ms.
Mono: successfully reloaded assembly
- Completed reload, in  2.117 seconds
Domain Reload Profiling:
	ReloadAssembly (2118ms)
		BeginReloadAssembly (237ms)
			ExecutionOrderSort (0ms)
			DisableScriptedObjects (10ms)
			BackupInstance (0ms)
			ReleaseScriptingObjects (0ms)
			CreateAndSetChildDomain (25ms)
		EndReloadAssembly (1781ms)
			LoadAssemblies (171ms)
			RebuildTransferFunctionScriptingTraits (0ms)
			SetupTypeCache (492ms)
			ReleaseScriptCaches (1ms)
			RebuildScriptCaches (113ms)
			SetupLoadedEditorAssemblies (805ms)
				LogAssemblyErrors (0ms)
				InitializePlatformSupportModulesInManaged (8ms)
				SetLoadedEditorAssemblies (0ms)
				RefreshPlugins (90ms)
				BeforeProcessingInitializeOnLoad (154ms)
				ProcessInitializeOnLoadAttributes (525ms)
				ProcessInitializeOnLoadMethodAttributes (22ms)
				AfterProcessingInitializeOnLoad (5ms)
				EditorAssembliesLoaded (1ms)
			ExecutionOrderSort2 (0ms)
			AwakeInstancesAfterBackupRestoration (13ms)
Platform modules already initialized, skipping
========================================================================
Worker process is ready to serve import requests
Launched and connected shader compiler UnityShaderCompiler.exe after 0.09 seconds
Refreshing native plugins compatible for Editor in 0.94 ms, found 2 plugins.
Preloading 0 native plugins for Editor in 0.00 ms.
Unloading 3326 Unused Serialized files (Serialized files now loaded: 0)
System memory in use before: 145.8 MB.
System memory in use after: 146.0 MB.

Unloading 26 unused Assets to reduce memory usage. Loaded Objects now: 3760.
Total: 4.340566 ms (FindLiveObjects: 0.288235 ms CreateObjectMapping: 0.163778 ms MarkObjects: 3.788959 ms  DeleteObjects: 0.093867 ms)

AssetImportParameters requested are different than current active one (requested -> active):
  custom:framework-win-MediaFoundation: 216162199b28c13a410421893ffa2e32 -> 
  custom:video-decoder-ogg-theora: a1e56fd34408186e4bbccfd4996cb3dc -> 
  custom:container-muxer-webm: aa71ff27fc2769a1b78a27578f13a17b -> 
  custom:container-demuxer-webm: 4f35f7cbe854078d1ac9338744f61a02 -> 
  custom:container-demuxer-ogg: 62fdf1f143b41e24485cea50d1cbac27 -> 
  custom:video-encoder-webm-vp8: eb34c28f22e8b96e1ab97ce403110664 -> 
  custom:video-decoder-webm-vp8: 9c59270c3fd7afecdb556c50c9e8de78 -> 
  custom:audio-decoder-ogg-vorbis: bf7c407c2cedff20999df2af8eb42d56 -> 
  custom:audio-encoder-webm-vorbis: bf7c407c2cedff20999df2af8eb42d56 -> 
========================================================================
Received Import Request.
  path: Assets/Resources
  artifactKey: Guid(e8b51d03c42ad4241b71d04f87ae578c) Importer(815301076,1909f56bfc062723c751e8b465ee728b)
Start importing Assets/Resources using Guid(e8b51d03c42ad4241b71d04f87ae578c) Importer(815301076,1909f56bfc062723c751e8b465ee728b)  -> (artifact id: '1ef177b8f44b0a98b816450a210db79f') in 0.013407 seconds 
  Import took 0.019737 seconds .

========================================================================
Received Import Request.
  Time since last request: 11.734280 seconds.
  path: Assets/Resources/RAbilities
  artifactKey: Guid(ee6ec876cb8d88844aaeb5378e61787c) Importer(815301076,1909f56bfc062723c751e8b465ee728b)
Start importing Assets/Resources/RAbilities using Guid(ee6ec876cb8d88844aaeb5378e61787c) Importer(815301076,1909f56bfc062723c751e8b465ee728b)  -> (artifact id: 'c67d2ab7cc5ad535a421f8c4d7dd7d4b') in 0.009172 seconds 
  Import took 0.015706 seconds .

========================================================================
Received Import Request.
  Time since last request: 9.788171 seconds.
  path: Assets/Resources/RAbilities/Knight
  artifactKey: Guid(22e952e6e16e0524a96ec2831b397c5c) Importer(815301076,1909f56bfc062723c751e8b465ee728b)
Start importing Assets/Resources/RAbilities/Knight using Guid(22e952e6e16e0524a96ec2831b397c5c) Importer(815301076,1909f56bfc062723c751e8b465ee728b)  -> (artifact id: '5441b3ad3efa77665860d3b92d72dc80') in 0.009180 seconds 
  Import took 0.015663 seconds .

========================================================================
Received Import Request.
  Time since last request: 28.621876 seconds.
  path: Assets/Resources/RAbilities/New Folder
  artifactKey: Guid(85319307bc7b23144bf6eda38e363e0d) Importer(815301076,1909f56bfc062723c751e8b465ee728b)
Start importing Assets/Resources/RAbilities/New Folder using Guid(85319307bc7b23144bf6eda38e363e0d) Importer(815301076,1909f56bfc062723c751e8b465ee728b)  -> (artifact id: '64a307c011c6f8ff415205ec90432d9a') in 0.010070 seconds 
  Import took 0.017035 seconds .

========================================================================
Received Import Request.
  Time since last request: 5.135718 seconds.
  path: Assets/Resources/RAbilities/Wizard
  artifactKey: Guid(85319307bc7b23144bf6eda38e363e0d) Importer(815301076,1909f56bfc062723c751e8b465ee728b)
Start importing Assets/Resources/RAbilities/Wizard using Guid(85319307bc7b23144bf6eda38e363e0d) Importer(815301076,1909f56bfc062723c751e8b465ee728b)  -> (artifact id: 'd59218d14a91ce880585a4ab124fde42') in 0.009058 seconds 
  Import took 0.015478 seconds .

========================================================================
Received Import Request.
  Time since last request: 13.789586 seconds.
  path: Assets/Scripts/Ability System/Abilities/Knight/DimpleSpeelAbility.cs
  artifactKey: Guid(bf485333f9f9d1f488918f141f8a3d9d) Importer(815301076,1909f56bfc062723c751e8b465ee728b)
Start importing Assets/Scripts/Ability System/Abilities/Knight/DimpleSpeelAbility.cs using Guid(bf485333f9f9d1f488918f141f8a3d9d) Importer(815301076,1909f56bfc062723c751e8b465ee728b)  -> (artifact id: 'a30b76a13162884374215aa536c62643') in 0.047819 seconds 
  Import took 0.054273 seconds .

========================================================================
Received Prepare
Registering precompiled user dll's ...
Registered in 0.008140 seconds.
Begin MonoManager ReloadAssembly
Native extension for WindowsStandalone target not found
Refreshing native plugins compatible for Editor in 0.96 ms, found 2 plugins.
Preloading 0 native plugins for Editor in 0.00 ms.
Mono: successfully reloaded assembly
- Completed reload, in  1.869 seconds
Domain Reload Profiling:
	ReloadAssembly (1869ms)
		BeginReloadAssembly (184ms)
			ExecutionOrderSort (0ms)
			DisableScriptedObjects (10ms)
			BackupInstance (0ms)
			ReleaseScriptingObjects (0ms)
			CreateAndSetChildDomain (51ms)
		EndReloadAssembly (1595ms)
			LoadAssemblies (165ms)
			RebuildTransferFunctionScriptingTraits (0ms)
			SetupTypeCache (470ms)
			ReleaseScriptCaches (1ms)
			RebuildScriptCaches (87ms)
			SetupLoadedEditorAssemblies (683ms)
				LogAssemblyErrors (0ms)
				InitializePlatformSupportModulesInManaged (8ms)
				SetLoadedEditorAssemblies (1ms)
				RefreshPlugins (1ms)
				BeforeProcessingInitializeOnLoad (164ms)
				ProcessInitializeOnLoadAttributes (485ms)
				ProcessInitializeOnLoadMethodAttributes (18ms)
				AfterProcessingInitializeOnLoad (5ms)
				EditorAssembliesLoaded (1ms)
			ExecutionOrderSort2 (0ms)
			AwakeInstancesAfterBackupRestoration (21ms)
Platform modules already initialized, skipping
Refreshing native plugins compatible for Editor in 0.97 ms, found 2 plugins.
Preloading 0 native plugins for Editor in 0.00 ms.
Unloading 3213 Unused Serialized files (Serialized files now loaded: 0)
System memory in use before: 138.7 MB.
System memory in use after: 138.9 MB.

Unloading 19 unused Assets to reduce memory usage. Loaded Objects now: 3762.
Total: 5.267569 ms (FindLiveObjects: 0.299060 ms CreateObjectMapping: 0.178095 ms MarkObjects: 4.764502 ms  DeleteObjects: 0.020533 ms)

AssetImportParameters requested are different than current active one (requested -> active):
  custom:framework-win-MediaFoundation: 216162199b28c13a410421893ffa2e32 -> 
  custom:video-decoder-ogg-theora: a1e56fd34408186e4bbccfd4996cb3dc -> 
  custom:container-muxer-webm: aa71ff27fc2769a1b78a27578f13a17b -> 
  custom:container-demuxer-webm: 4f35f7cbe854078d1ac9338744f61a02 -> 
  custom:container-demuxer-ogg: 62fdf1f143b41e24485cea50d1cbac27 -> 
  custom:video-encoder-webm-vp8: eb34c28f22e8b96e1ab97ce403110664 -> 
  custom:video-decoder-webm-vp8: 9c59270c3fd7afecdb556c50c9e8de78 -> 
  custom:audio-decoder-ogg-vorbis: bf7c407c2cedff20999df2af8eb42d56 -> 
  custom:audio-encoder-webm-vorbis: bf7c407c2cedff20999df2af8eb42d56 -> 
========================================================================
Received Import Request.
  Time since last request: 48.397713 seconds.
  path: Assets/Resources/RAbilities/Wizard/FlyingStone0.asset
  artifactKey: Guid(9ab82cc0fa98d4e40909267c27fbc0d6) Importer(815301076,1909f56bfc062723c751e8b465ee728b)
Start importing Assets/Resources/RAbilities/Wizard/FlyingStone0.asset using Guid(9ab82cc0fa98d4e40909267c27fbc0d6) Importer(815301076,1909f56bfc062723c751e8b465ee728b)  -> (artifact id: '0b21afc4bd13ba0ee7b0fa6848bc7a1f') in 0.035129 seconds 
  Import took 0.042094 seconds .

========================================================================
Received Import Request.
  Time since last request: 6.123650 seconds.
  path: Assets/Resources/RAbilities/Wizard/FlyingStone 1.asset
  artifactKey: Guid(9dd74714e7baa0a4dbabcc097cf025ce) Importer(815301076,1909f56bfc062723c751e8b465ee728b)
Start importing Assets/Resources/RAbilities/Wizard/FlyingStone 1.asset using Guid(9dd74714e7baa0a4dbabcc097cf025ce) Importer(815301076,1909f56bfc062723c751e8b465ee728b)  -> (artifact id: '35e783161a80e8f14112c59e2ab13e31') in 0.009846 seconds 
  Import took 0.016255 seconds .

========================================================================
Received Import Request.
  Time since last request: 6.819455 seconds.
  path: Assets/Resources/RAbilities/Wizard/FlyingStone 0.asset
  artifactKey: Guid(9ab82cc0fa98d4e40909267c27fbc0d6) Importer(815301076,1909f56bfc062723c751e8b465ee728b)
Start importing Assets/Resources/RAbilities/Wizard/FlyingStone 0.asset using Guid(9ab82cc0fa98d4e40909267c27fbc0d6) Importer(815301076,1909f56bfc062723c751e8b465ee728b)  -> (artifact id: '92473dbe676f7d0722a3318de420e6cb') in 0.009539 seconds 
  Import took 0.015985 seconds .

========================================================================
Received Import Request.
  Time since last request: 25.783086 seconds.
  path: Assets/Prefab/Ability/FlyingStone.prefab
  artifactKey: Guid(e146ca215d4bfcb4eab83bcd2f30f44e) Importer(815301076,1909f56bfc062723c751e8b465ee728b)
Start importing Assets/Prefab/Ability/FlyingStone.prefab using Guid(e146ca215d4bfcb4eab83bcd2f30f44e) Importer(815301076,1909f56bfc062723c751e8b465ee728b)  -> (artifact id: '4c6d7873da603d5e2de79fc0e86013c3') in 0.354166 seconds 
  Import took 0.360867 seconds .

AssetImportWorkerClient::OnTransportError - code=2 error=End of file
